<?xml version="1.0" encoding="UTF-8"?>
<!-- Generated by org.testng.reporters.JUnitReportReporter -->
<testsuite skipped="0" hostname="DESKTOP-52TM5VD" name="autotestsSet.PasswordRequirementsTests" tests="1" failures="0" timestamp="2020-03-11T11:25:46 MSK" time="60.519" errors="0">
  <testcase name="PasswordReqsPresence_Test" time="60.519" classname="autotestsSet.PasswordRequirementsTests"/>
  <system-out/>
</testsuite> <!-- autotestsSet.PasswordRequirementsTests -->
