<?xml version="1.0" encoding="UTF-8"?>
<!-- Generated by org.testng.reporters.JUnitReportReporter -->
<testsuite skipped="0" hostname="DESKTOP-52TM5VD" name="autotestsSet.Smoke" tests="2" failures="0" timestamp="2020-02-25T18:23:33 MSK" time="0.000" errors="0">
  <testcase name="LoginLogout_Test" time="0.000" classname="autotestsSet.Smoke"/>
  <system-out/>
  <testcase name="ChangeLanguage_Test" time="0.000" classname="autotestsSet.Smoke"/>
  <system-out/>
</testsuite> <!-- autotestsSet.Smoke -->
